<?xml version="1.0" encoding="UTF-8"?>
<!-- Generated by org.testng.reporters.JUnitXMLReporter -->
<testsuite ignored="0" hostname="LAPTOP-I3S2UBK5" failures="0" tests="15" name="Default test" time="2.836" errors="0" timestamp="2024-01-31T19:28:42 IST">
  <testcase classname="com.testingshastra.ExcelDemo" name="verifyThatErrormsgIsAbsentForValidPincode" time="0.018"/>
  <testcase classname="com.testingshastra.ExcelDemo" name="verifyThatErrormsgIsAbsentForValidPincode" time="0.001"/>
  <testcase classname="com.testingshastra.ExcelDemo" name="verifyThatErrormsgIsAbsentForValidPincode" time="0.003"/>
  <testcase classname="com.testingshastra.ExcelDemo" name="verifyThatErrormsgIsAbsentForValidPincode" time="0.003"/>
  <testcase classname="com.testingshastra.ExcelDemo" name="verifyThatErrormsgIsAbsentForValidPincode" time="0.001"/>
  <testcase classname="com.testingshastra.ExcelDemo" name="verifyThatErrormsgIsAbsentForValidPincode" time="0.003"/>
  <testcase classname="com.testingshastra.ExcelDemo" name="verifyThatErrormsgIsAbsentForValidPincode" time="0.013"/>
  <testcase classname="com.testingshastra.ExcelDemo" name="verifyThatErrormsgIsAbsentForValidPincode" time="0.001"/>
  <testcase classname="com.testingshastra.ExcelDemo" name="verifyThatErrormsgIsAbsentForValidPincode" time="0.001"/>
  <testcase classname="com.testingshastra.ExcelDemo" name="verifyThatErrormsgIsAbsentForValidPincode" time="0.004"/>
  <testcase classname="com.testingshastra.ExcelDemo" name="verifyThatErrormsgIsAbsentForValidPincode" time="0.001"/>
  <testcase classname="com.testingshastra.ExcelDemo" name="verifyThatErrormsgIsAbsentForValidPincode" time="0.002"/>
  <testcase classname="com.testingshastra.ExcelDemo" name="verifyThatErrormsgIsAbsentForValidPincode" time="0.002"/>
  <testcase classname="com.testingshastra.ExcelDemo" name="verifyThatErrormsgIsAbsentForValidPincode" time="0.005"/>
  <testcase classname="com.testingshastra.ExcelDemo" name="verifyThatErrormsgIsAbsentForValidPincode" time="0.001"/>
</testsuite> <!-- Default test -->
