<?xml version="1.0" encoding="UTF-8"?>
<testng-results ignored="0" total="15" passed="15" failed="0" skipped="0">
  <reporter-output>
  </reporter-output>
  <suite started-at="2024-01-31T19:28:40 IST" name="Default suite" finished-at="2024-01-31T19:28:42 IST" duration-ms="2836">
    <groups>
    </groups>
    <test started-at="2024-01-31T19:28:40 IST" name="Default test" finished-at="2024-01-31T19:28:42 IST" duration-ms="2836">
      <class name="com.testingshastra.ExcelDemo">
        <test-method signature="verifyThatErrormsgIsAbsentForValidPincode(java.lang.String)[pri:0, instance:com.testingshastra.ExcelDemo@78123e82]" started-at="2024-01-31T19:28:42 IST" name="verifyThatErrormsgIsAbsentForValidPincode" data-provider="pincode_data" finished-at="2024-01-31T19:28:42 IST" duration-ms="18" status="PASS">
          <params>
            <param index="0">
              <value>
                <![CDATA[411001]]>
              </value>
            </param>
          </params>
          <reporter-output>
          </reporter-output>
        </test-method> <!-- verifyThatErrormsgIsAbsentForValidPincode -->
        <test-method signature="verifyThatErrormsgIsAbsentForValidPincode(java.lang.String)[pri:0, instance:com.testingshastra.ExcelDemo@78123e82]" started-at="2024-01-31T19:28:42 IST" name="verifyThatErrormsgIsAbsentForValidPincode" data-provider="pincode_data" finished-at="2024-01-31T19:28:42 IST" duration-ms="1" status="PASS">
          <params>
            <param index="0">
              <value>
                <![CDATA[411002]]>
              </value>
            </param>
          </params>
          <reporter-output>
          </reporter-output>
        </test-method> <!-- verifyThatErrormsgIsAbsentForValidPincode -->
        <test-method signature="verifyThatErrormsgIsAbsentForValidPincode(java.lang.String)[pri:0, instance:com.testingshastra.ExcelDemo@78123e82]" started-at="2024-01-31T19:28:42 IST" name="verifyThatErrormsgIsAbsentForValidPincode" data-provider="pincode_data" finished-at="2024-01-31T19:28:42 IST" duration-ms="3" status="PASS">
          <params>
            <param index="0">
              <value>
                <![CDATA[411003]]>
              </value>
            </param>
          </params>
          <reporter-output>
          </reporter-output>
        </test-method> <!-- verifyThatErrormsgIsAbsentForValidPincode -->
        <test-method signature="verifyThatErrormsgIsAbsentForValidPincode(java.lang.String)[pri:0, instance:com.testingshastra.ExcelDemo@78123e82]" started-at="2024-01-31T19:28:42 IST" name="verifyThatErrormsgIsAbsentForValidPincode" data-provider="pincode_data" finished-at="2024-01-31T19:28:42 IST" duration-ms="3" status="PASS">
          <params>
            <param index="0">
              <value>
                <![CDATA[411004]]>
              </value>
            </param>
          </params>
          <reporter-output>
          </reporter-output>
        </test-method> <!-- verifyThatErrormsgIsAbsentForValidPincode -->
        <test-method signature="verifyThatErrormsgIsAbsentForValidPincode(java.lang.String)[pri:0, instance:com.testingshastra.ExcelDemo@78123e82]" started-at="2024-01-31T19:28:42 IST" name="verifyThatErrormsgIsAbsentForValidPincode" data-provider="pincode_data" finished-at="2024-01-31T19:28:42 IST" duration-ms="1" status="PASS">
          <params>
            <param index="0">
              <value>
                <![CDATA[411005]]>
              </value>
            </param>
          </params>
          <reporter-output>
          </reporter-output>
        </test-method> <!-- verifyThatErrormsgIsAbsentForValidPincode -->
        <test-method signature="verifyThatErrormsgIsAbsentForValidPincode(java.lang.String)[pri:0, instance:com.testingshastra.ExcelDemo@78123e82]" started-at="2024-01-31T19:28:42 IST" name="verifyThatErrormsgIsAbsentForValidPincode" data-provider="pincode_data" finished-at="2024-01-31T19:28:42 IST" duration-ms="3" status="PASS">
          <params>
            <param index="0">
              <value>
                <![CDATA[411006]]>
              </value>
            </param>
          </params>
          <reporter-output>
          </reporter-output>
        </test-method> <!-- verifyThatErrormsgIsAbsentForValidPincode -->
        <test-method signature="verifyThatErrormsgIsAbsentForValidPincode(java.lang.String)[pri:0, instance:com.testingshastra.ExcelDemo@78123e82]" started-at="2024-01-31T19:28:42 IST" name="verifyThatErrormsgIsAbsentForValidPincode" data-provider="pincode_data" finished-at="2024-01-31T19:28:42 IST" duration-ms="13" status="PASS">
          <params>
            <param index="0">
              <value>
                <![CDATA[411007]]>
              </value>
            </param>
          </params>
          <reporter-output>
          </reporter-output>
        </test-method> <!-- verifyThatErrormsgIsAbsentForValidPincode -->
        <test-method signature="verifyThatErrormsgIsAbsentForValidPincode(java.lang.String)[pri:0, instance:com.testingshastra.ExcelDemo@78123e82]" started-at="2024-01-31T19:28:42 IST" name="verifyThatErrormsgIsAbsentForValidPincode" data-provider="pincode_data" finished-at="2024-01-31T19:28:42 IST" duration-ms="1" status="PASS">
          <params>
            <param index="0">
              <value>
                <![CDATA[411008]]>
              </value>
            </param>
          </params>
          <reporter-output>
          </reporter-output>
        </test-method> <!-- verifyThatErrormsgIsAbsentForValidPincode -->
        <test-method signature="verifyThatErrormsgIsAbsentForValidPincode(java.lang.String)[pri:0, instance:com.testingshastra.ExcelDemo@78123e82]" started-at="2024-01-31T19:28:42 IST" name="verifyThatErrormsgIsAbsentForValidPincode" data-provider="pincode_data" finished-at="2024-01-31T19:28:42 IST" duration-ms="1" status="PASS">
          <params>
            <param index="0">
              <value>
                <![CDATA[411009]]>
              </value>
            </param>
          </params>
          <reporter-output>
          </reporter-output>
        </test-method> <!-- verifyThatErrormsgIsAbsentForValidPincode -->
        <test-method signature="verifyThatErrormsgIsAbsentForValidPincode(java.lang.String)[pri:0, instance:com.testingshastra.ExcelDemo@78123e82]" started-at="2024-01-31T19:28:42 IST" name="verifyThatErrormsgIsAbsentForValidPincode" data-provider="pincode_data" finished-at="2024-01-31T19:28:42 IST" duration-ms="4" status="PASS">
          <params>
            <param index="0">
              <value>
                <![CDATA[411010]]>
              </value>
            </param>
          </params>
          <reporter-output>
          </reporter-output>
        </test-method> <!-- verifyThatErrormsgIsAbsentForValidPincode -->
        <test-method signature="verifyThatErrormsgIsAbsentForValidPincode(java.lang.String)[pri:0, instance:com.testingshastra.ExcelDemo@78123e82]" started-at="2024-01-31T19:28:42 IST" name="verifyThatErrormsgIsAbsentForValidPincode" data-provider="pincode_data" finished-at="2024-01-31T19:28:42 IST" duration-ms="1" status="PASS">
          <params>
            <param index="0">
              <value>
                <![CDATA[411011]]>
              </value>
            </param>
          </params>
          <reporter-output>
          </reporter-output>
        </test-method> <!-- verifyThatErrormsgIsAbsentForValidPincode -->
        <test-method signature="verifyThatErrormsgIsAbsentForValidPincode(java.lang.String)[pri:0, instance:com.testingshastra.ExcelDemo@78123e82]" started-at="2024-01-31T19:28:42 IST" name="verifyThatErrormsgIsAbsentForValidPincode" data-provider="pincode_data" finished-at="2024-01-31T19:28:42 IST" duration-ms="2" status="PASS">
          <params>
            <param index="0">
              <value>
                <![CDATA[411012]]>
              </value>
            </param>
          </params>
          <reporter-output>
          </reporter-output>
        </test-method> <!-- verifyThatErrormsgIsAbsentForValidPincode -->
        <test-method signature="verifyThatErrormsgIsAbsentForValidPincode(java.lang.String)[pri:0, instance:com.testingshastra.ExcelDemo@78123e82]" started-at="2024-01-31T19:28:42 IST" name="verifyThatErrormsgIsAbsentForValidPincode" data-provider="pincode_data" finished-at="2024-01-31T19:28:42 IST" duration-ms="2" status="PASS">
          <params>
            <param index="0">
              <value>
                <![CDATA[411013]]>
              </value>
            </param>
          </params>
          <reporter-output>
          </reporter-output>
        </test-method> <!-- verifyThatErrormsgIsAbsentForValidPincode -->
        <test-method signature="verifyThatErrormsgIsAbsentForValidPincode(java.lang.String)[pri:0, instance:com.testingshastra.ExcelDemo@78123e82]" started-at="2024-01-31T19:28:42 IST" name="verifyThatErrormsgIsAbsentForValidPincode" data-provider="pincode_data" finished-at="2024-01-31T19:28:42 IST" duration-ms="5" status="PASS">
          <params>
            <param index="0">
              <value>
                <![CDATA[411014]]>
              </value>
            </param>
          </params>
          <reporter-output>
          </reporter-output>
        </test-method> <!-- verifyThatErrormsgIsAbsentForValidPincode -->
        <test-method signature="verifyThatErrormsgIsAbsentForValidPincode(java.lang.String)[pri:0, instance:com.testingshastra.ExcelDemo@78123e82]" started-at="2024-01-31T19:28:42 IST" name="verifyThatErrormsgIsAbsentForValidPincode" data-provider="pincode_data" finished-at="2024-01-31T19:28:42 IST" duration-ms="1" status="PASS">
          <params>
            <param index="0">
              <value>
                <![CDATA[411015]]>
              </value>
            </param>
          </params>
          <reporter-output>
          </reporter-output>
        </test-method> <!-- verifyThatErrormsgIsAbsentForValidPincode -->
      </class> <!-- com.testingshastra.ExcelDemo -->
    </test> <!-- Default test -->
  </suite> <!-- Default suite -->
</testng-results>
